<?xml version="1.0" encoding="UTF-8"?>
<testsuite xmlns:xsi="http://www.w3.org/2001/XMLSchema-instance" xsi:noNamespaceSchemaLocation="https://maven.apache.org/surefire/maven-surefire-plugin/xsd/surefire-test-report-3.0.xsd" version="3.0" name="org.example.Audio.LevitanTest" time="1.375" tests="1" errors="1" skipped="0" failures="0">
  <properties>
[...]
</properties>
  <testcase name="mustRerurnTextOfSpeech" classname="org.example.Audio.LevitanTest" time="1.348">
    <error message="C:\Users\sanzharovaa\IdeaProjects\bot\src\main\java\org\example\saveDir\formatted.mp3 (Не удается найти указанный файл)" type="javazoom.jl.decoder.JavaLayerException"><![CDATA[javazoom.jl.decoder.JavaLayerException: C:\Users\sanzharovaa\IdeaProjects\bot\src\main\java\org\example\saveDir\formatted.mp3 (Не удается найти указанный файл)
	at javazoom.jl.converter.Converter.convert(Converter.java:81)
	at javazoom.jl.converter.Converter.convert(Converter.java:59)
	at org.example.Audio.Mp3ToWavConverterJlayer.convertMp3ToWav(Mp3ToWavConverterJlayer.java:12)
	at org.example.Audio.LevitanTest.mustRerurnTextOfSpeech(LevitanTest.java:15)
	at java.base/java.lang.reflect.Method.invoke(Method.java:580)
	at java.base/java.util.ArrayList.forEach(ArrayList.java:1596)
	at java.base/java.util.ArrayList.forEach(ArrayList.java:1596)
]]></error>
    <system-out><![CDATA[0 [main] DEBUG ws.schild.jave.process.ffmpeg.DefaultFFMPEGLocator  - Os name is <windows 10> isWindows: true isMac: false
1 [main] DEBUG ws.schild.jave.process.ffmpeg.DefaultFFMPEGLocator  - Creating jave temp folder to place executables in <C:\Users\SANZHA~1\AppData\Local\Temp\jave>
2 [main] DEBUG ws.schild.jave.process.ffmpeg.DefaultFFMPEGLocator  - Executable path: C:\Users\SANZHA~1\AppData\Local\Temp\jave\ffmpeg-amd64-3.0.1.exe
2 [main] DEBUG ws.schild.jave.process.ffmpeg.DefaultFFMPEGLocator  - Need to copy executable to <C:\Users\SANZHA~1\AppData\Local\Temp\jave\ffmpeg-amd64-3.0.1.exe>
2 [main] DEBUG ws.schild.jave.process.ffmpeg.DefaultFFMPEGLocator  - Copy from resource <nativebin/ffmpeg-amd64.exe> to target <C:\Users\SANZHA~1\AppData\Local\Temp\jave\ffmpeg-amd64-3.0.1.exe>
2 [main] DEBUG ws.schild.jave.process.ffmpeg.DefaultFFMPEGLocator  - Alternative copy from SystemResourceAsStream <ws/schild/jave/nativebin/ffmpeg-amd64.exe> to target <C:\Users\SANZHA~1\AppData\Local\Temp\jave\ffmpeg-amd64-3.0.1.exe>
344 [main] DEBUG ws.schild.jave.process.ffmpeg.DefaultFFMPEGLocator  - Target <C:\Users\SANZHA~1\AppData\Local\Temp\jave\ffmpeg-amd64-3.0.1.exe> exists
344 [main] DEBUG ws.schild.jave.process.ffmpeg.DefaultFFMPEGLocator  - ffmpeg executable found: C:\Users\SANZHA~1\AppData\Local\Temp\jave\ffmpeg-amd64-3.0.1.exe
347 [main] DEBUG ws.schild.jave.process.ffmpeg.DefaultFFMPEGLocator  - Os name is <windows 10> isWindows: true isMac: false
347 [main] DEBUG ws.schild.jave.process.ffmpeg.DefaultFFMPEGLocator  - Jave temp folder exists in <C:\Users\SANZHA~1\AppData\Local\Temp\jave>
347 [main] DEBUG ws.schild.jave.process.ffmpeg.DefaultFFMPEGLocator  - Executable path: C:\Users\SANZHA~1\AppData\Local\Temp\jave\ffmpeg-amd64-3.0.1.exe
347 [main] DEBUG ws.schild.jave.process.ffmpeg.DefaultFFMPEGLocator  - Executable exists in <C:\Users\SANZHA~1\AppData\Local\Temp\jave\ffmpeg-amd64-3.0.1.exe>
347 [main] DEBUG ws.schild.jave.process.ffmpeg.DefaultFFMPEGLocator  - ffmpeg executable found: C:\Users\SANZHA~1\AppData\Local\Temp\jave\ffmpeg-amd64-3.0.1.exe
360 [main] DEBUG ws.schild.jave.process.ProcessWrapper  - About to execute C:\Users\SANZHA~1\AppData\Local\Temp\jave\ffmpeg-amd64-3.0.1.exe -f mp3 -i C:\Users\sanzharovaa\IdeaProjects\bot\src\main\java\org\example\saveDir\levitan.mp3 -vn -acodec libmp3lame -ab 64000 -ac 1 -ar 16000 -y C:\Users\sanzharovaa\IdeaProjects\bot\src\main\java\org\example\saveDir\formatted.mp3 -hide_banner
]]></system-out>
  </testcase>
</testsuite>